<?xml version="1.0" encoding="UTF-8"?>
<!-- Generated by org.testng.reporters.JUnitReportReporter -->
<testsuite skipped="0" hostname="Mahadev-Merahkee" name="com.Merahkee.BlackLotus.Test_Scripts" tests="3" failures="0" timestamp="24 Sep 2018 10:07:42 GMT" time="0.016" errors="0">
  <testcase name="test2" time="0.000" classname="com.Merahkee.BlackLotus.Test_Scripts"/>
  <testcase name="test1" time="0.000" classname="com.Merahkee.BlackLotus.Test_Scripts"/>
  <testcase name="test3" time="0.016" classname="com.Merahkee.BlackLotus.Test_Scripts"/>
</testsuite> <!-- com.Merahkee.BlackLotus.Test_Scripts -->
